<?xml version="1.0" encoding="UTF-8"?>
<testsuite xmlns:xsi="http://www.w3.org/2001/XMLSchema-instance" xsi:noNamespaceSchemaLocation="https://maven.apache.org/surefire/maven-surefire-plugin/xsd/surefire-test-report-3.0.xsd" version="3.0" name="com.resumecraft.ResumeCraft.ResumeCraftApplicationTests" time="23.287" tests="1" errors="0" skipped="0" failures="0">
  <properties>
[...]
</properties>
  <testcase name="contextLoads" classname="com.resumecraft.ResumeCraft.ResumeCraftApplicationTests" time="0.994">
    <system-out><![CDATA[16:28:13.839 [main] INFO org.springframework.test.context.support.AnnotationConfigContextLoaderUtils -- Could not detect default configuration classes for test class [com.resumecraft.ResumeCraft.ResumeCraftApplicationTests]: ResumeCraftApplicationTests does not declare any static, non-private, non-final, nested classes annotated with @Configuration.
16:28:14.017 [main] INFO org.springframework.boot.test.context.SpringBootTestContextBootstrapper -- Found @SpringBootConfiguration com.resumecraft.ResumeCraft.ResumeCraftApplication for test class com.resumecraft.ResumeCraft.ResumeCraftApplicationTests
16:28:14.311 [main] INFO org.springframework.boot.devtools.restart.RestartApplicationListener -- Restart disabled due to context in which it is running

  .   ____          _            __ _ _
 /\\ / ___'_ __ _ _(_)_ __  __ _ \ \ \ \
( ( )\___ | '_ | '_| | '_ \/ _` | \ \ \ \
 \\/  ___)| |_)| | | | | || (_| |  ) ) ) )
  '  |____| .__|_| |_|_| |_\__, | / / / /
 =========|_|==============|___/=/_/_/_/

 :: Spring Boot ::                (v3.3.4)

2025-07-11T16:28:14.866+05:30  INFO 14920 --- [ResumeCraft] [           main] c.r.R.ResumeCraftApplicationTests        : Starting ResumeCraftApplicationTests using Java 21.0.1 with PID 14920 (started by HP in F:\ResumeCraft-Project\ResumeCraft)
2025-07-11T16:28:14.868+05:30  INFO 14920 --- [ResumeCraft] [           main] c.r.R.ResumeCraftApplicationTests        : No active profile set, falling back to 1 default profile: "default"
2025-07-11T16:28:16.663+05:30  INFO 14920 --- [ResumeCraft] [           main] .s.d.r.c.RepositoryConfigurationDelegate : Bootstrapping Spring Data JPA repositories in DEFAULT mode.
2025-07-11T16:28:16.833+05:30  INFO 14920 --- [ResumeCraft] [           main] .s.d.r.c.RepositoryConfigurationDelegate : Finished Spring Data repository scanning in 134 ms. Found 4 JPA repository interfaces.
2025-07-11T16:28:17.940+05:30  INFO 14920 --- [ResumeCraft] [           main] o.hibernate.jpa.internal.util.LogHelper  : HHH000204: Processing PersistenceUnitInfo [name: default]
2025-07-11T16:28:18.087+05:30  INFO 14920 --- [ResumeCraft] [           main] org.hibernate.Version                    : HHH000412: Hibernate ORM core version 6.5.3.Final
2025-07-11T16:28:18.197+05:30  INFO 14920 --- [ResumeCraft] [           main] o.h.c.internal.RegionFactoryInitiator    : HHH000026: Second-level cache disabled
2025-07-11T16:28:19.080+05:30  INFO 14920 --- [ResumeCraft] [           main] o.s.o.j.p.SpringPersistenceUnitInfo      : No LoadTimeWeaver setup: ignoring JPA class transformer
2025-07-11T16:28:19.135+05:30  INFO 14920 --- [ResumeCraft] [           main] com.zaxxer.hikari.HikariDataSource       : HikariPool-1 - Starting...
2025-07-11T16:28:23.737+05:30  INFO 14920 --- [ResumeCraft] [           main] com.zaxxer.hikari.pool.HikariPool        : HikariPool-1 - Added connection com.mysql.cj.jdbc.ConnectionImpl@f810c18
2025-07-11T16:28:23.745+05:30  INFO 14920 --- [ResumeCraft] [           main] com.zaxxer.hikari.HikariDataSource       : HikariPool-1 - Start completed.
2025-07-11T16:28:24.134+05:30  WARN 14920 --- [ResumeCraft] [           main] org.hibernate.orm.deprecation            : HHH90000025: MySQL8Dialect does not need to be specified explicitly using 'hibernate.dialect' (remove the property setting and it will be selected by default)
2025-07-11T16:28:24.136+05:30  WARN 14920 --- [ResumeCraft] [           main] org.hibernate.orm.deprecation            : HHH90000026: MySQL8Dialect has been deprecated; use org.hibernate.dialect.MySQLDialect instead
2025-07-11T16:28:26.277+05:30  INFO 14920 --- [ResumeCraft] [           main] o.h.e.t.j.p.i.JtaPlatformInitiator       : HHH000489: No JTA platform available (set 'hibernate.transaction.jta.platform' to enable JTA platform integration)
Hibernate: create table projects (id bigint not null auto_increment, project_description varchar(255), project_name varchar(255), resume_id bigint, primary key (id)) engine=InnoDB
Hibernate: create table resume_skills (resume_id bigint not null, skill varchar(255)) engine=InnoDB
Hibernate: create table resumes (id bigint not null auto_increment, education_details varchar(255), email varchar(255), github_link varchar(255), linkedin_link varchar(255), mobile_number varchar(255), personal_info varchar(255), template_name varchar(255), twitter_link varchar(255), work_experience varchar(255), user_id bigint, primary key (id)) engine=InnoDB
Hibernate: create table resume_template (id bigint not null auto_increment, html_content longtext, template_name varchar(255), primary key (id)) engine=InnoDB
Hibernate: create table users (id bigint not null auto_increment, email varchar(255), first_name varchar(255), last_name varchar(255), mobile_number varchar(255), password varchar(255), role varchar(255), primary key (id)) engine=InnoDB
Hibernate: alter table projects add constraint FK5jas27wybjpt7np4kjkf0ftxy foreign key (resume_id) references resumes (id)
Hibernate: alter table resume_skills add constraint FKhft4j9chhnrp5c6csm2v28dcd foreign key (resume_id) references resumes (id)
Hibernate: alter table resumes add constraint FK340nuaivxiy99hslr3sdydfvv foreign key (user_id) references users (id)
2025-07-11T16:28:33.162+05:30  INFO 14920 --- [ResumeCraft] [           main] j.LocalContainerEntityManagerFactoryBean : Initialized JPA EntityManagerFactory for persistence unit 'default'
2025-07-11T16:28:34.202+05:30  WARN 14920 --- [ResumeCraft] [           main] JpaBaseConfiguration$JpaWebConfiguration : spring.jpa.open-in-view is enabled by default. Therefore, database queries may be performed during view rendering. Explicitly configure spring.jpa.open-in-view to disable this warning
2025-07-11T16:28:34.295+05:30  INFO 14920 --- [ResumeCraft] [           main] r$InitializeUserDetailsManagerConfigurer : Global AuthenticationManager configured with UserDetailsService bean with name customUserServices
2025-07-11T16:28:35.755+05:30  INFO 14920 --- [ResumeCraft] [           main] c.r.R.ResumeCraftApplicationTests        : Started ResumeCraftApplicationTests in 21.485 seconds (process running for 23.391)
]]></system-out>
    <system-err><![CDATA[WARNING: A Java agent has been loaded dynamically (C:\Users\HP\.m2\repository\net\bytebuddy\byte-buddy-agent\1.14.19\byte-buddy-agent-1.14.19.jar)
WARNING: If a serviceability tool is in use, please run with -XX:+EnableDynamicAgentLoading to hide this warning
WARNING: If a serviceability tool is not in use, please run with -Djdk.instrument.traceUsage for more information
WARNING: Dynamic loading of agents will be disallowed by default in a future release
]]></system-err>
  </testcase>
</testsuite>